[debug] [2022-04-10T16:05:56.683Z] ----------------------------------------------------------------------
[debug] [2022-04-10T16:05:56.685Z] Command:       C:\Program Files\nodejs\node.exe C:\Users\abmal\AppData\Roaming\npm\node_modules\firebase-tools\lib\bin\firebase.js init
[debug] [2022-04-10T16:05:56.686Z] CLI Version:   10.6.0
[debug] [2022-04-10T16:05:56.686Z] Platform:      win32
[debug] [2022-04-10T16:05:56.686Z] Node Version:  v16.13.1
[debug] [2022-04-10T16:05:56.687Z] Time:          Sun Apr 10 2022 22:05:56 GMT+0600 (Bangladesh Standard Time)
[debug] [2022-04-10T16:05:56.688Z] ----------------------------------------------------------------------
[debug] 
[debug] [2022-04-10T16:05:56.784Z] > command requires scopes: ["email","openid","https://www.googleapis.com/auth/cloudplatformprojects.readonly","https://www.googleapis.com/auth/firebase","https://www.googleapis.com/auth/cloud-platform"]
[debug] [2022-04-10T16:05:56.785Z] > authorizing via signed-in user (bestofhonest@gmail.com)
[info] 
     ######## #### ########  ######## ########     ###     ######  ########
     ##        ##  ##     ## ##       ##     ##  ##   ##  ##       ##
     ######    ##  ########  ######   ########  #########  ######  ######
     ##        ##  ##    ##  ##       ##     ## ##     ##       ## ##
     ##       #### ##     ## ######## ########  ##     ##  ######  ########

You're about to initialize a Firebase project in this directory:

  C:\react-app\Milestone-10\ema-john-simple-with-auth-module-59

Before we get started, keep in mind:

  * You are currently outside your home directory
  * You are initializing within an existing Firebase project directory

[info] 
=== Project Setup
[info] 
[info] First, let's associate this project directory with a Firebase project.
[info] You can create multiple project aliases by running firebase use --add, 
[info] but for now we'll just set up a default project.
[info] 
[debug] [2022-04-10T16:06:13.048Z] Using project from CLI flag: ema-john-simple-85c01
[debug] [2022-04-10T16:06:13.052Z] >>> [apiv2][query] GET https://firebase.googleapis.com/v1beta1/projects/ema-john-simple-85c01 [none]
[debug] [2022-04-10T16:06:14.204Z] <<< [apiv2][status] GET https://firebase.googleapis.com/v1beta1/projects/ema-john-simple-85c01 403
[debug] [2022-04-10T16:06:14.205Z] <<< [apiv2][body] GET https://firebase.googleapis.com/v1beta1/projects/ema-john-simple-85c01 {"error":{"code":403,"message":"The caller does not have permission","status":"PERMISSION_DENIED"}}
[debug] [2022-04-10T16:06:14.205Z] HTTP Error: 403, The caller does not have permission
[debug] [2022-04-10T16:06:14.537Z] FirebaseError: HTTP Error: 403, The caller does not have permission
    at module.exports (C:\Users\abmal\AppData\Roaming\npm\node_modules\firebase-tools\lib\responseToError.js:47:12)
    at RetryOperation._fn (C:\Users\abmal\AppData\Roaming\npm\node_modules\firebase-tools\lib\apiv2.js:286:39)
    at processTicksAndRejections (node:internal/process/task_queues:96:5)
[error] 
[error] Error: Failed to get Firebase project ema-john-simple-85c01. Please make sure the project exists and your account has permission to access it.
[debug] [2022-04-10T16:16:46.897Z] ----------------------------------------------------------------------
[debug] [2022-04-10T16:16:46.900Z] Command:       C:\Program Files\nodejs\node.exe C:\Users\abmal\AppData\Roaming\npm\node_modules\firebase-tools\lib\bin\firebase.js init
[debug] [2022-04-10T16:16:46.901Z] CLI Version:   10.6.0
[debug] [2022-04-10T16:16:46.901Z] Platform:      win32
[debug] [2022-04-10T16:16:46.901Z] Node Version:  v16.13.1
[debug] [2022-04-10T16:16:46.911Z] Time:          Sun Apr 10 2022 22:16:46 GMT+0600 (Bangladesh Standard Time)
[debug] [2022-04-10T16:16:46.911Z] ----------------------------------------------------------------------
[debug] 
[debug] [2022-04-10T16:16:47.008Z] > command requires scopes: ["email","openid","https://www.googleapis.com/auth/cloudplatformprojects.readonly","https://www.googleapis.com/auth/firebase","https://www.googleapis.com/auth/cloud-platform"]
[debug] [2022-04-10T16:16:47.008Z] > authorizing via signed-in user (bestofhonest@gmail.com)
[info] 
     ######## #### ########  ######## ########     ###     ######  ########
     ##        ##  ##     ## ##       ##     ##  ##   ##  ##       ##
     ######    ##  ########  ######   ########  #########  ######  ######
     ##        ##  ##    ##  ##       ##     ## ##     ##       ## ##
     ##       #### ##     ## ######## ########  ##     ##  ######  ########

You're about to initialize a Firebase project in this directory:

  C:\react-app\Milestone-10\ema-john-simple-with-auth-module-59

Before we get started, keep in mind:

  * You are currently outside your home directory
  * You are initializing within an existing Firebase project directory

[info] 
=== Project Setup
[info] 
[info] First, let's associate this project directory with a Firebase project.
[info] You can create multiple project aliases by running firebase use --add, 
[info] but for now we'll just set up a default project.
[info] 
[debug] [2022-04-10T16:17:11.758Z] Using project from CLI flag: ema-john-simple-85c01
[debug] [2022-04-10T16:17:11.762Z] >>> [apiv2][query] GET https://firebase.googleapis.com/v1beta1/projects/ema-john-simple-85c01 [none]
[debug] [2022-04-10T16:17:13.270Z] <<< [apiv2][status] GET https://firebase.googleapis.com/v1beta1/projects/ema-john-simple-85c01 403
[debug] [2022-04-10T16:17:13.270Z] <<< [apiv2][body] GET https://firebase.googleapis.com/v1beta1/projects/ema-john-simple-85c01 {"error":{"code":403,"message":"The caller does not have permission","status":"PERMISSION_DENIED"}}
[debug] [2022-04-10T16:17:13.271Z] HTTP Error: 403, The caller does not have permission
[debug] [2022-04-10T16:17:13.640Z] FirebaseError: HTTP Error: 403, The caller does not have permission
    at module.exports (C:\Users\abmal\AppData\Roaming\npm\node_modules\firebase-tools\lib\responseToError.js:47:12)
    at RetryOperation._fn (C:\Users\abmal\AppData\Roaming\npm\node_modules\firebase-tools\lib\apiv2.js:286:39)
    at processTicksAndRejections (node:internal/process/task_queues:96:5)
[error] 
[error] Error: Failed to get Firebase project ema-john-simple-85c01. Please make sure the project exists and your account has permission to access it.
